<?xml version="1.0" encoding="UTF-8"?>
<testsuite name="com.practice.web.boot.web.PostsApiControllerTest" tests="2" skipped="0" failures="0" errors="0" timestamp="2021-01-06T12:44:05" hostname="DESKTOP-0AKIGA2" time="0.125">
  <properties/>
  <testcase name="Posts_등록된다" classname="com.practice.web.boot.web.PostsApiControllerTest" time="0.086"/>
  <testcase name="Posts_수정된다" classname="com.practice.web.boot.web.PostsApiControllerTest" time="0.038"/>
  <system-out><![CDATA[2021-01-06 21:44:05.572  INFO 31740 --- [    Test worker] .b.t.c.SpringBootTestContextBootstrapper : Neither @ContextConfiguration nor @ContextHierarchy found for test class [com.practice.web.boot.web.PostsApiControllerTest], using SpringBootContextLoader
2021-01-06 21:44:05.572  INFO 31740 --- [    Test worker] o.s.t.c.support.AbstractContextLoader    : Could not detect default resource locations for test class [com.practice.web.boot.web.PostsApiControllerTest]: no resource found for suffixes {-context.xml, Context.groovy}.
2021-01-06 21:44:05.572  INFO 31740 --- [    Test worker] t.c.s.AnnotationConfigContextLoaderUtils : Could not detect default configuration classes for test class [com.practice.web.boot.web.PostsApiControllerTest]: PostsApiControllerTest does not declare any static, non-private, non-final, nested classes annotated with @Configuration.
2021-01-06 21:44:05.582  INFO 31740 --- [    Test worker] .b.t.c.SpringBootTestContextBootstrapper : Found @SpringBootConfiguration com.practice.web.boot.Application for test class com.practice.web.boot.web.PostsApiControllerTest
2021-01-06 21:44:05.584  INFO 31740 --- [    Test worker] .b.t.c.SpringBootTestContextBootstrapper : Loaded default TestExecutionListener class names from location [META-INF/spring.factories]: [org.springframework.security.test.context.support.WithSecurityContextTestExecutionListener, org.springframework.security.test.context.support.ReactorContextTestExecutionListener, org.springframework.boot.test.autoconfigure.restdocs.RestDocsTestExecutionListener, org.springframework.boot.test.autoconfigure.web.client.MockRestServiceServerResetTestExecutionListener, org.springframework.boot.test.autoconfigure.web.servlet.MockMvcPrintOnlyOnFailureTestExecutionListener, org.springframework.boot.test.autoconfigure.web.servlet.WebDriverTestExecutionListener, org.springframework.boot.test.mock.mockito.MockitoTestExecutionListener, org.springframework.boot.test.mock.mockito.ResetMocksTestExecutionListener, org.springframework.test.context.web.ServletTestExecutionListener, org.springframework.test.context.support.DirtiesContextBeforeModesTestExecutionListener, org.springframework.test.context.support.DependencyInjectionTestExecutionListener, org.springframework.test.context.support.DirtiesContextTestExecutionListener, org.springframework.test.context.transaction.TransactionalTestExecutionListener, org.springframework.test.context.jdbc.SqlScriptsTestExecutionListener]
2021-01-06 21:44:05.585  INFO 31740 --- [    Test worker] .b.t.c.SpringBootTestContextBootstrapper : Using TestExecutionListeners: [org.springframework.test.context.web.ServletTestExecutionListener@52a9f182, org.springframework.test.context.support.DirtiesContextBeforeModesTestExecutionListener@58ef276e, org.springframework.boot.test.mock.mockito.MockitoTestExecutionListener@1ebe110e, org.springframework.boot.test.autoconfigure.SpringBootDependencyInjectionTestExecutionListener@b9f873b, org.springframework.test.context.support.DirtiesContextTestExecutionListener@16a7522b, org.springframework.test.context.transaction.TransactionalTestExecutionListener@37d2c3c6, org.springframework.test.context.jdbc.SqlScriptsTestExecutionListener@598a9253, org.springframework.security.test.context.support.WithSecurityContextTestExecutionListener@2e5b6006, org.springframework.security.test.context.support.ReactorContextTestExecutionListener@2c159ec, org.springframework.boot.test.autoconfigure.restdocs.RestDocsTestExecutionListener@23ac7681, org.springframework.boot.test.autoconfigure.web.client.MockRestServiceServerResetTestExecutionListener@2eb960ad, org.springframework.boot.test.autoconfigure.web.servlet.MockMvcPrintOnlyOnFailureTestExecutionListener@5b176e2c, org.springframework.boot.test.autoconfigure.web.servlet.WebDriverTestExecutionListener@5391429b, org.springframework.boot.test.mock.mockito.ResetMocksTestExecutionListener@13c92e16]
2021-01-06 21:44:05.593  INFO 31740 --- [    Test worker] o.a.c.c.C.[Tomcat].[localhost].[/]       : Initializing Spring TestDispatcherServlet ''
2021-01-06 21:44:05.594  INFO 31740 --- [    Test worker] o.s.t.web.servlet.TestDispatcherServlet  : Initializing Servlet ''
2021-01-06 21:44:05.596  INFO 31740 --- [    Test worker] o.s.t.web.servlet.TestDispatcherServlet  : Completed initialization in 2 ms
Hibernate: insert into posts (created_date, modified_date, author, content, title) values (?, ?, ?, ?, ?)
Hibernate: select posts0_.id as id1_0_, posts0_.created_date as created_2_0_, posts0_.modified_date as modified3_0_, posts0_.author as author4_0_, posts0_.content as content5_0_, posts0_.title as title6_0_ from posts posts0_
Hibernate: select posts0_.id as id1_0_, posts0_.created_date as created_2_0_, posts0_.modified_date as modified3_0_, posts0_.author as author4_0_, posts0_.content as content5_0_, posts0_.title as title6_0_ from posts posts0_
Hibernate: delete from posts where id=?
2021-01-06 21:44:05.678  INFO 31740 --- [    Test worker] o.a.c.c.C.[Tomcat].[localhost].[/]       : Initializing Spring TestDispatcherServlet ''
2021-01-06 21:44:05.678  INFO 31740 --- [    Test worker] o.s.t.web.servlet.TestDispatcherServlet  : Initializing Servlet ''
2021-01-06 21:44:05.681  INFO 31740 --- [    Test worker] o.s.t.web.servlet.TestDispatcherServlet  : Completed initialization in 3 ms
Hibernate: insert into posts (created_date, modified_date, author, content, title) values (?, ?, ?, ?, ?)
Hibernate: select posts0_.id as id1_0_0_, posts0_.created_date as created_2_0_0_, posts0_.modified_date as modified3_0_0_, posts0_.author as author4_0_0_, posts0_.content as content5_0_0_, posts0_.title as title6_0_0_ from posts posts0_ where posts0_.id=?
Hibernate: update posts set created_date=?, modified_date=?, author=?, content=?, title=? where id=?
Hibernate: select posts0_.id as id1_0_, posts0_.created_date as created_2_0_, posts0_.modified_date as modified3_0_, posts0_.author as author4_0_, posts0_.content as content5_0_, posts0_.title as title6_0_ from posts posts0_
Hibernate: select posts0_.id as id1_0_, posts0_.created_date as created_2_0_, posts0_.modified_date as modified3_0_, posts0_.author as author4_0_, posts0_.content as content5_0_, posts0_.title as title6_0_ from posts posts0_
Hibernate: delete from posts where id=?
]]></system-out>
  <system-err><![CDATA[]]></system-err>
</testsuite>
