<?xml version="1.0" encoding="UTF-8"?>
<testsuite name="com.practice.web.boot.web.IndexControllerTest" tests="1" skipped="0" failures="0" errors="0" timestamp="2021-02-01T13:50:43" hostname="DESKTOP-0AKIGA2" time="0.215">
  <properties/>
  <testcase name="main_loading" classname="com.practice.web.boot.web.IndexControllerTest" time="0.215"/>
  <system-out><![CDATA[2021-02-01 22:50:40.504  INFO 29080 --- [    Test worker] .b.t.c.SpringBootTestContextBootstrapper : Neither @ContextConfiguration nor @ContextHierarchy found for test class [com.practice.web.boot.web.IndexControllerTest], using SpringBootContextLoader
2021-02-01 22:50:40.505  INFO 29080 --- [    Test worker] o.s.t.c.support.AbstractContextLoader    : Could not detect default resource locations for test class [com.practice.web.boot.web.IndexControllerTest]: no resource found for suffixes {-context.xml, Context.groovy}.
2021-02-01 22:50:40.505  INFO 29080 --- [    Test worker] t.c.s.AnnotationConfigContextLoaderUtils : Could not detect default configuration classes for test class [com.practice.web.boot.web.IndexControllerTest]: IndexControllerTest does not declare any static, non-private, non-final, nested classes annotated with @Configuration.
2021-02-01 22:50:40.521  INFO 29080 --- [    Test worker] .b.t.c.SpringBootTestContextBootstrapper : Found @SpringBootConfiguration com.practice.web.boot.Application for test class com.practice.web.boot.web.IndexControllerTest
2021-02-01 22:50:40.523  INFO 29080 --- [    Test worker] .b.t.c.SpringBootTestContextBootstrapper : Loaded default TestExecutionListener class names from location [META-INF/spring.factories]: [org.springframework.security.test.context.support.WithSecurityContextTestExecutionListener, org.springframework.security.test.context.support.ReactorContextTestExecutionListener, org.springframework.boot.test.autoconfigure.restdocs.RestDocsTestExecutionListener, org.springframework.boot.test.autoconfigure.web.client.MockRestServiceServerResetTestExecutionListener, org.springframework.boot.test.autoconfigure.web.servlet.MockMvcPrintOnlyOnFailureTestExecutionListener, org.springframework.boot.test.autoconfigure.web.servlet.WebDriverTestExecutionListener, org.springframework.boot.test.mock.mockito.MockitoTestExecutionListener, org.springframework.boot.test.mock.mockito.ResetMocksTestExecutionListener, org.springframework.test.context.web.ServletTestExecutionListener, org.springframework.test.context.support.DirtiesContextBeforeModesTestExecutionListener, org.springframework.test.context.support.DependencyInjectionTestExecutionListener, org.springframework.test.context.support.DirtiesContextTestExecutionListener, org.springframework.test.context.transaction.TransactionalTestExecutionListener, org.springframework.test.context.jdbc.SqlScriptsTestExecutionListener]
2021-02-01 22:50:40.524  INFO 29080 --- [    Test worker] .b.t.c.SpringBootTestContextBootstrapper : Using TestExecutionListeners: [org.springframework.test.context.web.ServletTestExecutionListener@646ca02a, org.springframework.test.context.support.DirtiesContextBeforeModesTestExecutionListener@35b38d01, org.springframework.boot.test.mock.mockito.MockitoTestExecutionListener@5833bc75, org.springframework.boot.test.autoconfigure.SpringBootDependencyInjectionTestExecutionListener@458f8907, org.springframework.test.context.support.DirtiesContextTestExecutionListener@44630c6c, org.springframework.test.context.transaction.TransactionalTestExecutionListener@6d915a64, org.springframework.test.context.jdbc.SqlScriptsTestExecutionListener@280493b7, org.springframework.security.test.context.support.WithSecurityContextTestExecutionListener@117ae001, org.springframework.security.test.context.support.ReactorContextTestExecutionListener@4d269e2e, org.springframework.boot.test.autoconfigure.restdocs.RestDocsTestExecutionListener@2a83bf94, org.springframework.boot.test.autoconfigure.web.client.MockRestServiceServerResetTestExecutionListener@26160858, org.springframework.boot.test.autoconfigure.web.servlet.MockMvcPrintOnlyOnFailureTestExecutionListener@602a9e73, org.springframework.boot.test.autoconfigure.web.servlet.WebDriverTestExecutionListener@1904abb6, org.springframework.boot.test.mock.mockito.ResetMocksTestExecutionListener@2e4cd81d]

  .   ____          _            __ _ _
 /\\ / ___'_ __ _ _(_)_ __  __ _ \ \ \ \
( ( )\___ | '_ | '_| | '_ \/ _` | \ \ \ \
 \\/  ___)| |_)| | | | | || (_| |  ) ) ) )
  '  |____| .__|_| |_|_| |_\__, | / / / /
 =========|_|==============|___/=/_/_/_/
 :: Spring Boot ::        (v2.1.7.RELEASE)

2021-02-01 22:50:40.584  INFO 29080 --- [    Test worker] c.p.web.boot.web.IndexControllerTest     : Starting IndexControllerTest on DESKTOP-0AKIGA2 with PID 29080 (started by user in C:\Users\user\IdeaProjects\webpractice)
2021-02-01 22:50:40.585  INFO 29080 --- [    Test worker] c.p.web.boot.web.IndexControllerTest     : No active profile set, falling back to default profiles: default
2021-02-01 22:50:40.928  INFO 29080 --- [    Test worker] .s.d.r.c.RepositoryConfigurationDelegate : Bootstrapping Spring Data repositories in DEFAULT mode.
2021-02-01 22:50:40.995  INFO 29080 --- [    Test worker] .s.d.r.c.RepositoryConfigurationDelegate : Finished Spring Data repository scanning in 67ms. Found 2 repository interfaces.
2021-02-01 22:50:41.146  INFO 29080 --- [    Test worker] trationDelegate$BeanPostProcessorChecker : Bean 'org.springframework.transaction.annotation.ProxyTransactionManagementConfiguration' of type [org.springframework.transaction.annotation.ProxyTransactionManagementConfiguration$$EnhancerBySpringCGLIB$$cf9dd6b2] is not eligible for getting processed by all BeanPostProcessors (for example: not eligible for auto-proxying)
2021-02-01 22:50:41.484  INFO 29080 --- [    Test worker] o.s.b.w.embedded.tomcat.TomcatWebServer  : Tomcat initialized with port(s): 0 (http)
2021-02-01 22:50:41.525  INFO 29080 --- [    Test worker] o.apache.catalina.core.StandardService   : Starting service [Tomcat]
2021-02-01 22:50:41.525  INFO 29080 --- [    Test worker] org.apache.catalina.core.StandardEngine  : Starting Servlet engine: [Apache Tomcat/9.0.22]
2021-02-01 22:50:41.813  INFO 29080 --- [    Test worker] o.a.c.c.C.[Tomcat].[localhost].[/]       : Initializing Spring embedded WebApplicationContext
2021-02-01 22:50:41.813  INFO 29080 --- [    Test worker] o.s.web.context.ContextLoader            : Root WebApplicationContext: initialization completed in 1224 ms
2021-02-01 22:50:42.050  INFO 29080 --- [    Test worker] com.zaxxer.hikari.HikariDataSource       : HikariPool-2 - Starting...
2021-02-01 22:50:42.051  INFO 29080 --- [    Test worker] com.zaxxer.hikari.HikariDataSource       : HikariPool-2 - Start completed.
2021-02-01 22:50:42.115  INFO 29080 --- [    Test worker] o.hibernate.jpa.internal.util.LogHelper  : HHH000204: Processing PersistenceUnitInfo [
	name: default
	...]
2021-02-01 22:50:42.139  INFO 29080 --- [    Test worker] org.hibernate.dialect.Dialect            : HHH000400: Using dialect: org.hibernate.dialect.MySQL5InnoDBDialect
Hibernate: drop table if exists posts
Hibernate: drop table if exists user
Hibernate: create table posts (id bigint not null auto_increment, created_date datetime, modified_date datetime, author varchar(255), content TEXT not null, title varchar(500) not null, primary key (id)) engine=InnoDB
Hibernate: create table user (id bigint not null auto_increment, created_date datetime, modified_date datetime, email varchar(255) not null, name varchar(255) not null, picture varchar(255), role varchar(255) not null, primary key (id)) engine=InnoDB
2021-02-01 22:50:42.201  INFO 29080 --- [    Test worker] o.h.t.schema.internal.SchemaCreatorImpl  : HHH000476: Executing import script 'org.hibernate.tool.schema.internal.exec.ScriptSourceInputNonExistentImpl@72f49d25'
2021-02-01 22:50:42.201  INFO 29080 --- [    Test worker] j.LocalContainerEntityManagerFactoryBean : Initialized JPA EntityManagerFactory for persistence unit 'default'
2021-02-01 22:50:42.603  INFO 29080 --- [    Test worker] o.h.h.i.QueryTranslatorFactoryInitiator  : HHH000397: Using ASTQueryTranslatorFactory
2021-02-01 22:50:42.801  INFO 29080 --- [    Test worker] o.s.s.web.DefaultSecurityFilterChain     : Creating filter chain: any request, [org.springframework.security.web.context.request.async.WebAsyncManagerIntegrationFilter@c32d29, org.springframework.security.web.context.SecurityContextPersistenceFilter@29a6a617, org.springframework.security.web.header.HeaderWriterFilter@7e648046, org.springframework.security.web.authentication.logout.LogoutFilter@329d2c36, org.springframework.security.oauth2.client.web.OAuth2AuthorizationRequestRedirectFilter@2d4d76ca, org.springframework.security.oauth2.client.web.OAuth2LoginAuthenticationFilter@7d5d5e5, org.springframework.security.web.authentication.ui.DefaultLoginPageGeneratingFilter@2e17a1fd, org.springframework.security.web.authentication.ui.DefaultLogoutPageGeneratingFilter@18a18b14, org.springframework.security.web.savedrequest.RequestCacheAwareFilter@25ee9b41, org.springframework.security.web.servletapi.SecurityContextHolderAwareRequestFilter@7fd2590a, org.springframework.security.web.authentication.AnonymousAuthenticationFilter@5e1c45ec, org.springframework.security.web.session.SessionManagementFilter@90b03fe, org.springframework.security.web.access.ExceptionTranslationFilter@ca00c9e, org.springframework.security.web.access.intercept.FilterSecurityInterceptor@745d84e9]
2021-02-01 22:50:43.033  INFO 29080 --- [    Test worker] o.s.s.concurrent.ThreadPoolTaskExecutor  : Initializing ExecutorService 'applicationTaskExecutor'
2021-02-01 22:50:43.050  WARN 29080 --- [    Test worker] aWebConfiguration$JpaWebMvcConfiguration : spring.jpa.open-in-view is enabled by default. Therefore, database queries may be performed during view rendering. Explicitly configure spring.jpa.open-in-view to disable this warning
2021-02-01 22:50:43.083  INFO 29080 --- [    Test worker] o.s.b.a.w.s.WelcomePageHandlerMapping    : Adding welcome page template: index
2021-02-01 22:50:43.434  INFO 29080 --- [    Test worker] s.a.ScheduledAnnotationBeanPostProcessor : No TaskScheduler/ScheduledExecutorService bean found for scheduled processing
2021-02-01 22:50:43.459  INFO 29080 --- [    Test worker] o.s.b.w.embedded.tomcat.TomcatWebServer  : Tomcat started on port(s): 63384 (http) with context path ''
2021-02-01 22:50:43.460  INFO 29080 --- [    Test worker] c.p.web.boot.web.IndexControllerTest     : Started IndexControllerTest in 2.932 seconds (JVM running for 14.798)
2021-02-01 22:50:43.572  INFO 29080 --- [o-auto-1-exec-1] o.a.c.c.C.[Tomcat].[localhost].[/]       : Initializing Spring DispatcherServlet 'dispatcherServlet'
2021-02-01 22:50:43.573  INFO 29080 --- [o-auto-1-exec-1] o.s.web.servlet.DispatcherServlet        : Initializing Servlet 'dispatcherServlet'
2021-02-01 22:50:43.591  INFO 29080 --- [o-auto-1-exec-1] o.s.web.servlet.DispatcherServlet        : Completed initialization in 18 ms
Hibernate: select posts0_.id as id1_0_, posts0_.created_date as created_2_0_, posts0_.modified_date as modified3_0_, posts0_.author as author4_0_, posts0_.content as content5_0_, posts0_.title as title6_0_ from posts posts0_ order by posts0_.id DESC
]]></system-out>
  <system-err><![CDATA[]]></system-err>
</testsuite>
